<?xml version="1.0" encoding="UTF-8"?>
<!-- Generated by org.testng.reporters.JUnitReportReporter -->
<testsuite hostname="DESKTOP-P4DILQK" name="testngpackage.ParallelTestNGTestScripts" tests="4" failures="0" timestamp="15 Apr 2020 19:37:49 GMT" time="71.133" errors="0">
  <testcase name="parallelTestScript4" time="20.907" classname="testngpackage.ParallelTestNGTestScripts"/>
  <testcase name="parallelTestScript1" time="19.236" classname="testngpackage.ParallelTestNGTestScripts"/>
  <testcase name="parallelTestScript2" time="16.615" classname="testngpackage.ParallelTestNGTestScripts"/>
  <testcase name="parallelTestScript3" time="14.375" classname="testngpackage.ParallelTestNGTestScripts"/>
</testsuite> <!-- testngpackage.ParallelTestNGTestScripts -->
